<?xml version="1.0" encoding="UTF-8"?>
<!-- Generated by org.testng.reporters.JUnitReportReporter -->
<testsuite hostname="DESKTOP-O9GM8A3" failures="0" tests="2" name="tests.gui.EcommerceTestExcel" time="22.275" errors="0" timestamp="2024-11-09T16:53:41 IST" skipped="1">
  <testcase classname="tests.gui.EcommerceTestExcel" name="ecommerceFashion_Test" time="22.275"/>
  <testcase classname="tests.gui.EcommerceTestExcel" name="ecommerceElectronics_Test">
    <skipped/>
  </testcase> <!-- ecommerceElectronics_Test -->
</testsuite> <!-- tests.gui.EcommerceTestExcel -->
