<?xml version="1.0" encoding="UTF-8"?>
<!-- Generated by org.testng.reporters.JUnitReportReporter -->
<testsuite hostname="DESKTOP-O9GM8A3" failures="0" tests="2" name="tests.api.LibraryAPITest" time="0.412" errors="0" timestamp="2024-10-27T09:37:17 IST" skipped="0">
  <testcase classname="tests.api.LibraryAPITest" name="test_Message" time="0.188"/>
  <testcase classname="tests.api.LibraryAPITest" name="test_ID" time="0.224"/>
</testsuite> <!-- tests.api.LibraryAPITest -->
