<?xml version="1.0" encoding="UTF-8"?>
<!-- Generated by org.testng.reporters.JUnitReportReporter -->
<testsuite hostname="DESKTOP-O9GM8A3" failures="0" tests="2" name="tests.api.PlaceAPITest" time="4.461" errors="0" timestamp="2024-10-27T20:37:52 IST" skipped="0">
  <testcase classname="tests.api.PlaceAPITest" name="test_PlaceID" time="4.230"/>
  <testcase classname="tests.api.PlaceAPITest" name="test_Status" time="0.231"/>
</testsuite> <!-- tests.api.PlaceAPITest -->
