<?xml version="1.0" encoding="UTF-8"?>
<!-- Generated by org.testng.reporters.JUnitReportReporter -->
<testsuite hostname="DESKTOP-O9GM8A3" failures="0" tests="2" name="apiTests.LibraryAPITest" time="0.521" errors="0" timestamp="2024-10-26T23:50:32 IST" skipped="0">
  <testcase classname="apiTests.LibraryAPITest" name="test_ID" time="0.266"/>
  <testcase classname="apiTests.LibraryAPITest" name="test_Message" time="0.255"/>
</testsuite> <!-- apiTests.LibraryAPITest -->
