<?xml version="1.0" encoding="UTF-8"?>
<!-- Generated by org.testng.reporters.JUnitReportReporter -->
<testsuite hostname="DESKTOP-O9GM8A3" failures="0" tests="2" name="apiTests.PlaceAPITest" time="7.630" errors="0" timestamp="2024-10-26T23:50:32 IST" skipped="0">
  <testcase classname="apiTests.PlaceAPITest" name="test_Status" time="0.259"/>
  <testcase classname="apiTests.PlaceAPITest" name="test_PlaceID" time="7.371"/>
</testsuite> <!-- apiTests.PlaceAPITest -->
